#
# There is insufficient memory for the Java Runtime Environment to continue.
# Native memory allocation (mmap) failed to map 264241152 bytes for G1 virtual space
# Possible reasons:
#   The system is out of physical RAM or swap space
#   The process is running with CompressedOops enabled, and the Java Heap may be blocking the growth of the native heap
# Possible solutions:
#   Reduce memory load on the system
#   Increase physical memory or swap space
#   Check if swap backing store is full
#   Decrease Java heap size (-Xmx/-Xms)
#   Decrease number of Java threads
#   Decrease Java thread stack sizes (-Xss)
#   Set larger code cache with -XX:ReservedCodeCacheSize=
#   JVM is running with Zero Based Compressed Oops mode in which the Java heap is
#     placed in the first 32GB address space. The Java Heap base address is the
#     maximum limit for the native heap growth. Please use -XX:HeapBaseMinAddress
#     to set the Java Heap base and to place the Java Heap above 32GB virtual address.
# This output file may be truncated or incomplete.
#
#  Out of Memory Error (os_windows.cpp:3548), pid=23812, tid=33644
#
# JRE version:  (17.0.10+11) (build )
# Java VM: Java HotSpot(TM) 64-Bit Server VM (17.0.10+11-LTS-240, mixed mode, sharing, tiered, compressed oops, compressed class ptrs, g1 gc, windows-amd64)
# No core dump will be written. Minidumps are not enabled by default on client versions of Windows
#

---------------  S U M M A R Y ------------

Command Line: -Dfile.encoding=UTF-8 -Dstdout.encoding=UTF-8 -Dstderr.encoding=UTF-8 -XX:+ShowCodeDetailsInExceptionMessages Application

Host: 11th Gen Intel(R) Core(TM) i5-1135G7 @ 2.40GHz, 8 cores, 15G,  Windows 10 , 64 bit Build 19041 (10.0.19041.3636)
Time: Tue Mar 26 18:39:34 2024  Windows 10 , 64 bit Build 19041 (10.0.19041.3636) elapsed time: 0.014004 seconds (0d 0h 0m 0s)

---------------  T H R E A D  ---------------

Current thread (0x000001d4583723b0):  JavaThread "Unknown thread" [_thread_in_vm, id=33644, stack(0x00000008c6a00000,0x00000008c6b00000)]

Stack: [0x00000008c6a00000,0x00000008c6b00000]
Native frames: (J=compiled Java code, j=interpreted, Vv=VM code, C=native code)
V  [jvm.dll+0x677a5a]
V  [jvm.dll+0x7d8b2d]
V  [jvm.dll+0x7da48e]
V  [jvm.dll+0x7daaf3]
V  [jvm.dll+0x2455ff]
V  [jvm.dll+0x6749b9]
V  [jvm.dll+0x669382]
V  [jvm.dll+0x302e96]
V  [jvm.dll+0x30a416]
V  [jvm.dll+0x359cbe]
V  [jvm.dll+0x359eef]
V  [jvm.dll+0x2d9e88]
V  [jvm.dll+0x2dadf4]
V  [jvm.dll+0x7aa551]
V  [jvm.dll+0x367911]
V  [jvm.dll+0x789639]
V  [jvm.dll+0x3eb30f]
V  [jvm.dll+0x3ecd91]
C  [jli.dll+0x5297]
C  [ucrtbase.dll+0x21bb2]
C  [KERNEL32.DLL+0x17344]
C  [ntdll.dll+0x526b1]


---------------  P R O C E S S  ---------------

Threads class SMR info:
_java_thread_list=0x00007ffdcea86a18, length=0, elements={
}

Java Threads: ( => current thread )

Other Threads:
  0x000001d4583dba50 GCTaskThread "GC Thread#0" [stack: 0x00000008c6b00000,0x00000008c6c00000] [id=29548]
  0x000001d4583edbe0 ConcurrentGCThread "G1 Main Marker" [stack: 0x00000008c6c00000,0x00000008c6d00000] [id=33080]
  0x000001d4583ef510 ConcurrentGCThread "G1 Conc#0" [stack: 0x00000008c6d00000,0x00000008c6e00000] [id=32252]

[error occurred during error reporting (printing all threads), id 0xc0000005, EXCEPTION_ACCESS_VIOLATION (0xc0000005) at pc=0x00007ffdce2baae7]

VM state: not at safepoint (not fully initialized)

VM Mutex/Monitor currently owned by a thread:  ([mutex/lock_event])
[0x000001d45836d9b0] Heap_lock - owner thread: 0x000001d4583723b0

Heap address: 0x0000000704800000, size: 4024 MB, Compressed Oops mode: Zero based, Oop shift amount: 3

CDS archive(s) mapped at: [0x0000000000000000-0x0000000000000000-0x0000000000000000), size 0, SharedBaseAddress: 0x0000000800000000, ArchiveRelocationMode: 1.
Narrow klass base: 0x0000000000000000, Narrow klass shift: 0, Narrow klass range: 0x0

GC Precious Log:
<Empty>

Heap:
 garbage-first heap   total 0K, used 0K [0x0000000704800000, 0x0000000800000000)
  region size 2048K, 0 young (0K), 0 survivors (0K)

[error occurred during error reporting (printing heap information), id 0xc0000005, EXCEPTION_ACCESS_VIOLATION (0xc0000005) at pc=0x00007ffdce6a1249]

GC Heap History (0 events):
No events

Deoptimization events (0 events):
No events

Classes unloaded (0 events):
No events

Classes redefined (0 events):
No events

Internal exceptions (0 events):
No events

VM Operations (0 events):
No events

Events (1 events):
Event: 0.006 Loaded shared library C:\Program Files\Java\jdk-17\bin\java.dll


Dynamic libraries:
0x00007ff6e6bd0000 - 0x00007ff6e6be0000 	C:\Program Files\Java\jdk-17\bin\javaw.exe
0x00007ffe44df0000 - 0x00007ffe44fe8000 	C:\Windows\SYSTEM32\ntdll.dll
0x00007ffe438f0000 - 0x00007ffe439ad000 	C:\Windows\System32\KERNEL32.DLL
0x00007ffe427f0000 - 0x00007ffe42ae6000 	C:\Windows\System32\KERNELBASE.dll
0x00007ffe425a0000 - 0x00007ffe426a0000 	C:\Windows\System32\ucrtbase.dll
0x00007ffe3af20000 - 0x00007ffe3af3b000 	C:\Program Files\Java\jdk-17\bin\VCRUNTIME140.dll
0x00007ffe3afb0000 - 0x00007ffe3afc9000 	C:\Program Files\Java\jdk-17\bin\jli.dll
0x00007ffe43100000 - 0x00007ffe431b0000 	C:\Windows\System32\ADVAPI32.dll
0x00007ffe442e0000 - 0x00007ffe4437e000 	C:\Windows\System32\msvcrt.dll
0x00007ffe444b0000 - 0x00007ffe44550000 	C:\Windows\System32\sechost.dll
0x00007ffe43210000 - 0x00007ffe43335000 	C:\Windows\System32\RPCRT4.dll
0x00007ffe42b20000 - 0x00007ffe42b47000 	C:\Windows\System32\bcrypt.dll
0x00007ffe43ab0000 - 0x00007ffe43c4e000 	C:\Windows\System32\USER32.dll
0x00007ffe42af0000 - 0x00007ffe42b12000 	C:\Windows\System32\win32u.dll
0x00007ffe438c0000 - 0x00007ffe438eb000 	C:\Windows\System32\GDI32.dll
0x00007ffe42d00000 - 0x00007ffe42e17000 	C:\Windows\System32\gdi32full.dll
0x00007ffe2f980000 - 0x00007ffe2fc1a000 	C:\Windows\WinSxS\amd64_microsoft.windows.common-controls_6595b64144ccf1df_6.0.19041.3636_none_60b6a03d71f818d5\COMCTL32.dll
0x00007ffe426a0000 - 0x00007ffe4273d000 	C:\Windows\System32\msvcp_win.dll
0x00007ffe37d10000 - 0x00007ffe37d1a000 	C:\Windows\SYSTEM32\VERSION.dll
0x00007ffe430c0000 - 0x00007ffe430f2000 	C:\Windows\System32\IMM32.DLL
0x00007ffe38160000 - 0x00007ffe3816c000 	C:\Program Files\Java\jdk-17\bin\vcruntime140_1.dll
0x00007ffe190e0000 - 0x00007ffe1916e000 	C:\Program Files\Java\jdk-17\bin\msvcp140.dll
0x00007ffdcdfd0000 - 0x00007ffdcebaf000 	C:\Program Files\Java\jdk-17\bin\server\jvm.dll
0x00007ffe43340000 - 0x00007ffe43348000 	C:\Windows\System32\PSAPI.DLL
0x00007ffe3d820000 - 0x00007ffe3d829000 	C:\Windows\SYSTEM32\WSOCK32.dll
0x00007ffe3dae0000 - 0x00007ffe3db07000 	C:\Windows\SYSTEM32\WINMM.dll
0x00007ffe439b0000 - 0x00007ffe43a1b000 	C:\Windows\System32\WS2_32.dll
0x00007ffe40ca0000 - 0x00007ffe40cb2000 	C:\Windows\SYSTEM32\kernel.appcore.dll
0x00007ffe3be40000 - 0x00007ffe3be4a000 	C:\Program Files\Java\jdk-17\bin\jimage.dll
0x00007ffe40200000 - 0x00007ffe403e4000 	C:\Windows\SYSTEM32\DBGHELP.DLL
0x00007ffe3d960000 - 0x00007ffe3d994000 	C:\Windows\SYSTEM32\dbgcore.DLL
0x00007ffe424a0000 - 0x00007ffe42522000 	C:\Windows\System32\bcryptPrimitives.dll
0x00007ffe2e580000 - 0x00007ffe2e5a5000 	C:\Program Files\Java\jdk-17\bin\java.dll

dbghelp: loaded successfully - version: 4.0.5 - missing functions: none
symbol engine: initialized successfully - sym options: 0x614 - pdb path: .;C:\Program Files\Java\jdk-17\bin;C:\Windows\SYSTEM32;C:\Windows\WinSxS\amd64_microsoft.windows.common-controls_6595b64144ccf1df_6.0.19041.3636_none_60b6a03d71f818d5;C:\Program Files\Java\jdk-17\bin\server

VM Arguments:
jvm_args: -Dfile.encoding=UTF-8 -Dstdout.encoding=UTF-8 -Dstderr.encoding=UTF-8 -XX:+ShowCodeDetailsInExceptionMessages 
java_command: Application
java_class_path (initial): C:\Users\KOSA\Desktop\project\internet-banking\bin;C:\Users\KOSA\eclipse\jee-2023-12\eclipse\lombok.jar
Launcher Type: SUN_STANDARD

[Global flags]
     intx CICompilerCount                          = 4                                         {product} {ergonomic}
     uint ConcGCThreads                            = 2                                         {product} {ergonomic}
     uint G1ConcRefinementThreads                  = 8                                         {product} {ergonomic}
   size_t G1HeapRegionSize                         = 2097152                                   {product} {ergonomic}
    uintx GCDrainStackTargetSize                   = 64                                        {product} {ergonomic}
   size_t InitialHeapSize                          = 264241152                                 {product} {ergonomic}
   size_t MarkStackSize                            = 4194304                                   {product} {ergonomic}
   size_t MaxHeapSize                              = 4219469824                                {product} {ergonomic}
   size_t MinHeapDeltaBytes                        = 2097152                                   {product} {ergonomic}
   size_t MinHeapSize                              = 8388608                                   {product} {ergonomic}
    uintx NonNMethodCodeHeapSize                   = 5839372                                {pd product} {ergonomic}
    uintx NonProfiledCodeHeapSize                  = 122909434                              {pd product} {ergonomic}
    uintx ProfiledCodeHeapSize                     = 122909434                              {pd product} {ergonomic}
    uintx ReservedCodeCacheSize                    = 251658240                              {pd product} {ergonomic}
     bool SegmentedCodeCache                       = true                                      {product} {ergonomic}
     bool ShowCodeDetailsInExceptionMessages       = true                                   {manageable} {command line}
   size_t SoftMaxHeapSize                          = 4219469824                             {manageable} {ergonomic}
     bool UseCompressedClassPointers               = true                           {product lp64_product} {ergonomic}
     bool UseCompressedOops                        = true                           {product lp64_product} {ergonomic}
     bool UseG1GC                                  = true                                      {product} {ergonomic}
     bool UseLargePagesIndividualAllocation        = false                                  {pd product} {ergonomic}

Logging:
Log output configuration:
 #0: stdout all=warning uptime,level,tags
 #1: stderr all=off uptime,level,tags

Environment Variables:
JAVA_HOME=C:\Program Files\Java\jdk-17
PATH=C:\Program Files\Common Files\Oracle\Java\javapath;C:\Windows\system32;C:\Windows;C:\Windows\System32\Wbem;C:\Windows\System32\WindowsPowerShell\v1.0\;C:\Windows\System32\OpenSSH\;C:\Program Files\Git\cmd;C:\Program Files\nodejs\;C:\Program Files\Java\jdk-17\bin;;C:\Program Files\Docker\Docker\resources\bin;C:\Users\KOSA\AppData\Local\Microsoft\WindowsApps;C:\Users\KOSA\AppData\Local\Programs\Microsoft VS Code\bin;C:\Users\KOSA\AppData\Roaming\npm;C:\Users\KOSA\AppData\Local\GitHubDesktop\bin
USERNAME=KOSA
OS=Windows_NT
PROCESSOR_IDENTIFIER=Intel64 Family 6 Model 140 Stepping 1, GenuineIntel



---------------  S Y S T E M  ---------------

OS:
 Windows 10 , 64 bit Build 19041 (10.0.19041.3636)
OS uptime: 9 days 5:45 hours
Hyper-V role detected

CPU: total 8 (initial active 8) (4 cores per cpu, 2 threads per core) family 6 model 140 stepping 1 microcode 0x9a, cx8, cmov, fxsr, ht, mmx, 3dnowpref, sse, sse2, sse3, ssse3, sse4.1, sse4.2, popcnt, lzcnt, tsc, tscinvbit, avx, avx2, aes, erms, clmul, bmi1, bmi2, adx, avx512f, avx512dq, avx512cd, avx512bw, avx512vl, sha, fma, vzeroupper, avx512_vpopcntdq, avx512_vpclmulqdq, avx512_vaes, avx512_vnni, clflush, clflushopt, clwb, avx512_vbmi2, avx512_vbmi, hv

Memory: 4k page, system-wide physical 16092M (6238M free)
TotalPageFile size 43958M (AvailPageFile size 101M)
current process WorkingSet (physical memory assigned to process): 10M, peak: 10M
current process commit charge ("private bytes"): 60M, peak: 312M

vm_info: Java HotSpot(TM) 64-Bit Server VM (17.0.10+11-LTS-240) for windows-amd64 JRE (17.0.10+11-LTS-240), built on Dec 19 2023 21:47:25 by "mach5one" with MS VC++ 17.1 (VS2022)

END.
